case #1: 1 0
case #2: 1 0
case #3: 1 1
case #4: 0 0
case #5: 500 499
case #6: 1 1
case #7: 0 0
case #8: 250 249
case #9: 0 0
case #10: 0 0
case #11: 0 0
case #12: 0 0
case #13: 3 3
case #14: 1 1
case #15: 0 0
case #16: 0 0
case #17: 0 0
case #18: 1 1
case #19: 3 1
case #20: 7 7
case #21: 0 0
case #22: 2 2
case #23: 0 0
case #24: 0 0
case #25: 0 0
case #26: 1 1
case #27: 1 1
case #28: 1 1
case #29: 0 0
case #30: 1 1
case #31: 0 0
case #32: 0 0
case #33: 125 123
case #34: 1 1
case #35: 0 0
case #36: 0 0
case #37: 1 0
case #38: 1 1
case #39: 1 1
case #40: 2 1
case #41: 0 0
case #42: 0 0
case #43: 0 0
case #44: 0 0
case #45: 0 0
case #46: 0 0
case #47: 0 0
case #48: 0 0
case #49: 0 0
case #50: 1 1
case #51: 0 0
case #52: 3 3
case #53: 0 0
case #54: 0 0
case #55: 1 1
case #56: 1 1
case #57: 0 0
case #58: 250 248
case #59: 0 0
case #60: 1 1
case #61: 0 0
case #62: 3 3
case #63: 0 0
case #64: 0 0
case #65: 1 1
case #66: 0 0
case #67: 0 0
case #68: 249 249
case #69: 1 1
case #70: 1 1
case #71: 3 3
case #72: 0 0
case #73: 1 0
case #74: 0 0
case #75: 0 0
case #76: 1 1
case #77: 0 0
case #78: 0 0
case #79: 0 0
case #80: 7 7
case #81: 0 0
case #82: 1 1
case #83: 0 0
case #84: 0 0
case #85: 0 0
case #86: 0 0
case #87: 1 1
case #88: 0 0
case #89: 1 1
case #90: 1 1
case #91: 0 0
case #92: 0 0
case #93: 0 0
case #94: 0 0
case #95: 3 3
case #96: 0 0
case #97: 0 0
case #98: 0 0
case #99: 3 3
case #100: 499 499
